# JRE version: Java(TM) SE Runtime Environment (17.0.12+8) (build 17.0.12+8-LTS-286)
# Java VM: Java HotSpot(TM) 64-Bit Server VM (17.0.12+8-LTS-286, mixed mode, sharing, tiered, compressed oops, compressed class ptrs, g1 gc, windows-amd64)
GC Precious Log:
 CPUs: 12 total, 12 available
 Memory: 7865M
 Large Page Support: Disabled
 NUMA Support: Disabled
 Compressed Oops: Enabled (32-bit)
 Heap Region Size: 1M
 Heap Min Capacity: 8M
 Heap Initial Capacity: 124M
 Heap Max Capacity: 1968M
 Pre-touch: Disabled
 Parallel Workers: 10
 Concurrent Workers: 3
 Concurrent Refinement Workers: 10
 Periodic GC: Disabled
Heap:
 garbage-first heap   total 126976K, used 41704K [0x0000000085000000, 0x0000000100000000)
  region size 1024K, 3 young (3072K), 3 survivors (3072K)
 Metaspace       used 35703K, committed 35968K, reserved 1114112K
  class space    used 4493K, committed 4608K, reserved 1048576K
GC Heap History (15 events):
Event: 2.971 GC heap before
{Heap before GC invocations=0 (full 0):
 garbage-first heap   total 126976K, used 27648K [0x0000000085000000, 0x0000000100000000)
  region size 1024K, 23 young (23552K), 0 survivors (0K)
 Metaspace       used 7201K, committed 7360K, reserved 1114112K
  class space    used 759K, committed 832K, reserved 1048576K
}
Event: 2.978 GC heap after
{Heap after GC invocations=1 (full 0):
 garbage-first heap   total 126976K, used 7104K [0x0000000085000000, 0x0000000100000000)
  region size 1024K, 3 young (3072K), 3 survivors (3072K)
 Metaspace       used 7201K, committed 7360K, reserved 1114112K
  class space    used 759K, committed 832K, reserved 1048576K
}
Event: 4.224 GC heap before
{Heap before GC invocations=1 (full 0):
 garbage-first heap   total 126976K, used 48064K [0x0000000085000000, 0x0000000100000000)
  region size 1024K, 36 young (36864K), 3 survivors (3072K)
 Metaspace       used 16862K, committed 17152K, reserved 1114112K
  class space    used 2227K, committed 2368K, reserved 1048576K
}
Event: 4.234 GC heap after
{Heap after GC invocations=2 (full 0):
 garbage-first heap   total 126976K, used 17330K [0x0000000085000000, 0x0000000100000000)
  region size 1024K, 3 young (3072K), 3 survivors (3072K)
 Metaspace       used 16862K, committed 17152K, reserved 1114112K
  class space    used 2227K, committed 2368K, reserved 1048576K
}
Event: 5.362 GC heap before
{Heap before GC invocations=2 (full 0):
 garbage-first heap   total 126976K, used 79794K [0x0000000085000000, 0x0000000100000000)
  region size 1024K, 62 young (63488K), 3 survivors (3072K)
 Metaspace       used 21281K, committed 21504K, reserved 1114112K
  class space    used 2904K, committed 3008K, reserved 1048576K
}
Event: 5.437 GC heap after
{Heap after GC invocations=3 (full 0):
 garbage-first heap   total 126976K, used 26510K [0x0000000085000000, 0x0000000100000000)
  region size 1024K, 10 young (10240K), 10 survivors (10240K)
 Metaspace       used 21281K, committed 21504K, reserved 1114112K
  class space    used 2904K, committed 3008K, reserved 1048576K
}
Event: 5.772 GC heap before
{Heap before GC invocations=4 (full 0):
 garbage-first heap   total 89088K, used 42894K [0x0000000085000000, 0x0000000100000000)
  region size 1024K, 19 young (19456K), 10 survivors (10240K)
 Metaspace       used 22323K, committed 22528K, reserved 1114112K
  class space    used 3032K, committed 3136K, reserved 1048576K
}
Event: 5.800 GC heap after
{Heap after GC invocations=5 (full 0):
 garbage-first heap   total 89088K, used 36750K [0x0000000085000000, 0x0000000100000000)
  region size 1024K, 3 young (3072K), 3 survivors (3072K)
 Metaspace       used 22323K, committed 22528K, reserved 1114112K
  class space    used 3032K, committed 3136K, reserved 1048576K
}
Event: 5.843 GC heap before
{Heap before GC invocations=5 (full 0):
 garbage-first heap   total 89088K, used 36750K [0x0000000085000000, 0x0000000100000000)
  region size 1024K, 4 young (4096K), 3 survivors (3072K)
 Metaspace       used 22583K, committed 22848K, reserved 1114112K
  class space    used 3057K, committed 3200K, reserved 1048576K
}
Event: 5.858 GC heap after
{Heap after GC invocations=6 (full 0):
 garbage-first heap   total 89088K, used 36888K [0x0000000085000000, 0x0000000100000000)
  region size 1024K, 1 young (1024K), 1 survivors (1024K)
 Metaspace       used 22583K, committed 22848K, reserved 1114112K
  class space    used 3057K, committed 3200K, reserved 1048576K
}
Event: 6.920 GC heap before
{Heap before GC invocations=6 (full 0):
 garbage-first heap   total 89088K, used 64536K [0x0000000085000000, 0x0000000100000000)
  region size 1024K, 28 young (28672K), 1 survivors (1024K)
 Metaspace       used 27894K, committed 28160K, reserved 1114112K
  class space    used 3535K, committed 3648K, reserved 1048576K
}
Event: 6.928 GC heap after
{Heap after GC invocations=7 (full 0):
 garbage-first heap   total 89088K, used 39821K [0x0000000085000000, 0x0000000100000000)
  region size 1024K, 4 young (4096K), 4 survivors (4096K)
 Metaspace       used 27894K, committed 28160K, reserved 1114112K
  class space    used 3535K, committed 3648K, reserved 1048576K
}
Event: 8.008 GC heap before
{Heap before GC invocations=7 (full 0):
 garbage-first heap   total 89088K, used 66445K [0x0000000085000000, 0x0000000100000000)
  region size 1024K, 30 young (30720K), 4 survivors (4096K)
 Metaspace       used 34001K, committed 34240K, reserved 1114112K
  class space    used 4246K, committed 4352K, reserved 1048576K
}
Event: 8.022 GC heap after
{Heap after GC invocations=8 (full 0):
 garbage-first heap   total 89088K, used 41538K [0x0000000085000000, 0x0000000100000000)
  region size 1024K, 3 young (3072K), 3 survivors (3072K)
 Metaspace       used 34001K, committed 34240K, reserved 1114112K
  class space    used 4246K, committed 4352K, reserved 1048576K
}
Event: 8.253 GC heap before
{Heap before GC invocations=8 (full 0):
 garbage-first heap   total 89088K, used 44610K [0x0000000085000000, 0x0000000100000000)
  region size 1024K, 8 young (8192K), 3 survivors (3072K)
 Metaspace       used 35703K, committed 35968K, reserved 1114112K
  class space    used 4493K, committed 4608K, reserved 1048576K
}

